#
# There is insufficient memory for the Java Runtime Environment to continue.
# Native memory allocation (mmap) failed to map 132120576 bytes for G1 virtual space
# Possible reasons:
#   The system is out of physical RAM or swap space
#   The process is running with CompressedOops enabled, and the Java Heap may be blocking the growth of the native heap
# Possible solutions:
#   Reduce memory load on the system
#   Increase physical memory or swap space
#   Check if swap backing store is full
#   Decrease Java heap size (-Xmx/-Xms)
#   Decrease number of Java threads
#   Decrease Java thread stack sizes (-Xss)
#   Set larger code cache with -XX:ReservedCodeCacheSize=
#   JVM is running with Unscaled Compressed Oops mode in which the Java heap is
#     placed in the first 4GB address space. The Java Heap base address is the
#     maximum limit for the native heap growth. Please use -XX:HeapBaseMinAddress
#     to set the Java Heap base and to place the Java Heap above 4GB virtual address.
# This output file may be truncated or incomplete.
#
#  Out of Memory Error (os_windows.cpp:3548), pid=9636, tid=19584
#
# JRE version:  (17.0.10+11) (build )
# Java VM: Java HotSpot(TM) 64-Bit Server VM (17.0.10+11-LTS-240, mixed mode, sharing, tiered, compressed oops, compressed class ptrs, g1 gc, windows-amd64)
# No core dump will be written. Minidumps are not enabled by default on client versions of Windows
#

---------------  S U M M A R Y ------------

Command Line: -agentlib:jdwp=transport=dt_socket,server=n,suspend=y,address=localhost:52580 -XX:+ShowCodeDetailsInExceptionMessages com.cnc.dboot.DbootApplication

Host: Intel(R) Core(TM) i5-8265U CPU @ 1.60GHz, 8 cores, 7G,  Windows 11 , 64 bit Build 22621 (10.0.22621.3374)
Time: Sun Apr 28 15:33:27 2024 India Standard Time elapsed time: 0.024971 seconds (0d 0h 0m 0s)

---------------  T H R E A D  ---------------

Current thread (0x000002160d6788d0):  JavaThread "Unknown thread" [_thread_in_vm, id=19584, stack(0x0000003cd2700000,0x0000003cd2800000)]

Stack: [0x0000003cd2700000,0x0000003cd2800000]
Native frames: (J=compiled Java code, j=interpreted, Vv=VM code, C=native code)
V  [jvm.dll+0x677a5a]
V  [jvm.dll+0x7d8b2d]
V  [jvm.dll+0x7da48e]
V  [jvm.dll+0x7daaf3]
V  [jvm.dll+0x2455ff]
V  [jvm.dll+0x6749b9]
V  [jvm.dll+0x669382]
V  [jvm.dll+0x302e96]
V  [jvm.dll+0x30a416]
V  [jvm.dll+0x359cbe]
V  [jvm.dll+0x359eef]
V  [jvm.dll+0x2d9e88]
V  [jvm.dll+0x2dadf4]
V  [jvm.dll+0x7aa551]
V  [jvm.dll+0x367911]
V  [jvm.dll+0x789639]
V  [jvm.dll+0x3eb30f]
V  [jvm.dll+0x3ecd91]
C  [jli.dll+0x5297]
C  [ucrtbase.dll+0x29333]
C  [KERNEL32.DLL+0x1257d]
C  [ntdll.dll+0x5aa48]


---------------  P R O C E S S  ---------------

Threads class SMR info:
_java_thread_list=0x00007ff8f9396a18, length=0, elements={
}

Java Threads: ( => current thread )

Other Threads:
  0x000002160d6dac30 GCTaskThread "GC Thread#0" [stack: 0x0000003cd2800000,0x0000003cd2900000] [id=5292]
  0x000002160d6ec710 ConcurrentGCThread "G1 Main Marker" [stack: 0x0000003cd2900000,0x0000003cd2a00000] [id=18336]
  0x000002160d6ee130 ConcurrentGCThread "G1 Conc#0" [stack: 0x0000003cd2a00000,0x0000003cd2b00000] [id=19532]

[error occurred during error reporting (printing all threads), id 0xc0000005, EXCEPTION_ACCESS_VIOLATION (0xc0000005) at pc=0x00007ff8f8bcaae7]

VM state: not at safepoint (not fully initialized)

VM Mutex/Monitor currently owned by a thread:  ([mutex/lock_event])
[0x000002160d672920] Heap_lock - owner thread: 0x000002160d6788d0

Heap address: 0x0000000082400000, size: 2012 MB, Compressed Oops mode: 32-bit

CDS archive(s) mapped at: [0x0000000000000000-0x0000000000000000-0x0000000000000000), size 0, SharedBaseAddress: 0x0000000800000000, ArchiveRelocationMode: 1.
Narrow klass base: 0x0000000000000000, Narrow klass shift: 0, Narrow klass range: 0x0

GC Precious Log:
<Empty>

Heap:
 garbage-first heap   total 0K, used 0K [0x0000000082400000, 0x0000000100000000)
  region size 1024K, 0 young (0K), 0 survivors (0K)

[error occurred during error reporting (printing heap information), id 0xc0000005, EXCEPTION_ACCESS_VIOLATION (0xc0000005) at pc=0x00007ff8f8fb1249]

GC Heap History (0 events):
No events

Deoptimization events (0 events):
No events

Classes unloaded (0 events):
No events

Classes redefined (0 events):
No events

Internal exceptions (0 events):
No events

VM Operations (0 events):
No events

Events (1 events):
Event: 0.014 Loaded shared library C:\Program Files\Java\jdk-17\bin\java.dll


Dynamic libraries:
0x00007ff6ee260000 - 0x00007ff6ee270000 	C:\Program Files\Java\jdk-17\bin\java.exe
0x00007ff943810000 - 0x00007ff943a26000 	C:\WINDOWS\SYSTEM32\ntdll.dll
0x00007ff9428f0000 - 0x00007ff9429b4000 	C:\WINDOWS\System32\KERNEL32.DLL
0x00007ff940c40000 - 0x00007ff940fe7000 	C:\WINDOWS\System32\KERNELBASE.dll
0x00007ff940ff0000 - 0x00007ff941101000 	C:\WINDOWS\System32\ucrtbase.dll
0x00007ff937a00000 - 0x00007ff937a1b000 	C:\Program Files\Java\jdk-17\bin\VCRUNTIME140.dll
0x00007ff9341c0000 - 0x00007ff9341d9000 	C:\Program Files\Java\jdk-17\bin\jli.dll
0x00007ff9416f0000 - 0x00007ff9417a2000 	C:\WINDOWS\System32\ADVAPI32.dll
0x00007ff942c90000 - 0x00007ff942d37000 	C:\WINDOWS\System32\msvcrt.dll
0x00007ff942070000 - 0x00007ff942118000 	C:\WINDOWS\System32\sechost.dll
0x00007ff941300000 - 0x00007ff941328000 	C:\WINDOWS\System32\bcrypt.dll
0x00007ff941ed0000 - 0x00007ff941fe5000 	C:\WINDOWS\System32\RPCRT4.dll
0x00007ff942ad0000 - 0x00007ff942c7e000 	C:\WINDOWS\System32\USER32.dll
0x00007ff941450000 - 0x00007ff941476000 	C:\WINDOWS\System32\win32u.dll
0x00007ff9437a0000 - 0x00007ff9437c9000 	C:\WINDOWS\System32\GDI32.dll
0x00007ff925360000 - 0x00007ff9255f3000 	C:\WINDOWS\WinSxS\amd64_microsoft.windows.common-controls_6595b64144ccf1df_6.0.22621.3235_none_270f74e173860f98\COMCTL32.dll
0x00007ff941330000 - 0x00007ff941449000 	C:\WINDOWS\System32\gdi32full.dll
0x00007ff940b30000 - 0x00007ff940bca000 	C:\WINDOWS\System32\msvcp_win.dll
0x00007ff9341e0000 - 0x00007ff9341ea000 	C:\WINDOWS\SYSTEM32\VERSION.dll
0x00007ff943680000 - 0x00007ff9436b1000 	C:\WINDOWS\System32\IMM32.DLL
0x00007ff939ec0000 - 0x00007ff939ecc000 	C:\Program Files\Java\jdk-17\bin\vcruntime140_1.dll
0x00007ff90ddc0000 - 0x00007ff90de4e000 	C:\Program Files\Java\jdk-17\bin\msvcp140.dll
0x00007ff8f88e0000 - 0x00007ff8f94bf000 	C:\Program Files\Java\jdk-17\bin\server\jvm.dll
0x00007ff941a20000 - 0x00007ff941a28000 	C:\WINDOWS\System32\PSAPI.DLL
0x00007ff924f50000 - 0x00007ff924f59000 	C:\WINDOWS\SYSTEM32\WSOCK32.dll
0x00007ff943720000 - 0x00007ff943791000 	C:\WINDOWS\System32\WS2_32.dll
0x00007ff938730000 - 0x00007ff938764000 	C:\WINDOWS\SYSTEM32\WINMM.dll
0x00007ff93fb30000 - 0x00007ff93fb48000 	C:\WINDOWS\SYSTEM32\kernel.appcore.dll
0x00007ff939d40000 - 0x00007ff939d4a000 	C:\Program Files\Java\jdk-17\bin\jimage.dll
0x00007ff93e4a0000 - 0x00007ff93e6d3000 	C:\WINDOWS\SYSTEM32\DBGHELP.DLL
0x00007ff941a30000 - 0x00007ff941db8000 	C:\WINDOWS\System32\combase.dll
0x00007ff942800000 - 0x00007ff9428d7000 	C:\WINDOWS\System32\OLEAUT32.dll
0x00007ff9146d0000 - 0x00007ff914702000 	C:\WINDOWS\SYSTEM32\dbgcore.DLL
0x00007ff941110000 - 0x00007ff941189000 	C:\WINDOWS\System32\bcryptPrimitives.dll
0x00007ff9164e0000 - 0x00007ff91651b000 	C:\Program Files\Java\jdk-17\bin\jdwp.dll
0x00007ff92d770000 - 0x00007ff92d795000 	C:\Program Files\Java\jdk-17\bin\java.dll

dbghelp: loaded successfully - version: 4.0.5 - missing functions: none
symbol engine: initialized successfully - sym options: 0x614 - pdb path: .;C:\Program Files\Java\jdk-17\bin;C:\WINDOWS\SYSTEM32;C:\WINDOWS\WinSxS\amd64_microsoft.windows.common-controls_6595b64144ccf1df_6.0.22621.3235_none_270f74e173860f98;C:\Program Files\Java\jdk-17\bin\server

VM Arguments:
jvm_args: -agentlib:jdwp=transport=dt_socket,server=n,suspend=y,address=localhost:52580 -XX:+ShowCodeDetailsInExceptionMessages 
java_command: com.cnc.dboot.DbootApplication
java_class_path (initial): F:\Prac\btptraning\dboot\target\classes;C:\Users\sachi\.m2\repository\org\springframework\boot\spring-boot-starter-data-jpa\3.2.5\spring-boot-starter-data-jpa-3.2.5.jar;C:\Users\sachi\.m2\repository\org\springframework\boot\spring-boot-starter-aop\3.2.5\spring-boot-starter-aop-3.2.5.jar;C:\Users\sachi\.m2\repository\org\springframework\spring-aop\6.1.6\spring-aop-6.1.6.jar;C:\Users\sachi\.m2\repository\org\aspectj\aspectjweaver\1.9.22\aspectjweaver-1.9.22.jar;C:\Users\sachi\.m2\repository\org\springframework\boot\spring-boot-starter-jdbc\3.2.5\spring-boot-starter-jdbc-3.2.5.jar;C:\Users\sachi\.m2\repository\com\zaxxer\HikariCP\5.0.1\HikariCP-5.0.1.jar;C:\Users\sachi\.m2\repository\org\springframework\spring-jdbc\6.1.6\spring-jdbc-6.1.6.jar;C:\Users\sachi\.m2\repository\org\hibernate\orm\hibernate-core\6.4.4.Final\hibernate-core-6.4.4.Final.jar;C:\Users\sachi\.m2\repository\jakarta\persistence\jakarta.persistence-api\3.1.0\jakarta.persistence-api-3.1.0.jar;C:\Users\sachi\.m2\repository\jakarta\transaction\jakarta.transaction-api\2.0.1\jakarta.transaction-api-2.0.1.jar;C:\Users\sachi\.m2\repository\org\jboss\logging\jboss-logging\3.5.3.Final\jboss-logging-3.5.3.Final.jar;C:\Users\sachi\.m2\repository\org\hibernate\common\hibernate-commons-annotations\6.0.6.Final\hibernate-commons-annotations-6.0.6.Final.jar;C:\Users\sachi\.m2\repository\io\smallrye\jandex\3.1.2\jandex-3.1.2.jar;C:\Users\sachi\.m2\repository\com\fasterxml\classmate\1.6.0\classmate-1.6.0.jar;C:\Users\sachi\.m2\repository\net\bytebuddy\byte-buddy\1.14.13\byte-buddy-1.14.13.jar;C:\Users\sachi\.m2\repository\org\glassfish\jaxb\jaxb-runtime\4.0.5\jaxb-runtime-4.0.5.jar;C:\Users\sachi\.m2\repository\org\glassfish\jaxb\jaxb-core\4.0.5\jaxb-core-4.0.5.jar;C:\Users\sachi\.m2\repository\org\eclipse\angus\angus-activation\2.0.2\angus-activation-2.0.2.jar;C:\Users\sachi\.m2\repository\org\glassfish\jaxb\txw2\4.0.5\txw2-4.0.5.jar;C:\Users\sachi\.m2\repository\com\sun\istack\istack-commo
Launcher Type: SUN_STANDARD

[Global flags]
     intx CICompilerCount                          = 4                                         {product} {ergonomic}
     uint ConcGCThreads                            = 2                                         {product} {ergonomic}
     uint G1ConcRefinementThreads                  = 8                                         {product} {ergonomic}
   size_t G1HeapRegionSize                         = 1048576                                   {product} {ergonomic}
    uintx GCDrainStackTargetSize                   = 64                                        {product} {ergonomic}
   size_t InitialHeapSize                          = 132120576                                 {product} {ergonomic}
   size_t MarkStackSize                            = 4194304                                   {product} {ergonomic}
   size_t MaxHeapSize                              = 2109734912                                {product} {ergonomic}
   size_t MinHeapDeltaBytes                        = 1048576                                   {product} {ergonomic}
   size_t MinHeapSize                              = 8388608                                   {product} {ergonomic}
    uintx NonNMethodCodeHeapSize                   = 5839372                                {pd product} {ergonomic}
    uintx NonProfiledCodeHeapSize                  = 122909434                              {pd product} {ergonomic}
    uintx ProfiledCodeHeapSize                     = 122909434                              {pd product} {ergonomic}
    uintx ReservedCodeCacheSize                    = 251658240                              {pd product} {ergonomic}
     bool SegmentedCodeCache                       = true                                      {product} {ergonomic}
     bool ShowCodeDetailsInExceptionMessages       = true                                   {manageable} {command line}
   size_t SoftMaxHeapSize                          = 2109734912                             {manageable} {ergonomic}
     bool UseCompressedClassPointers               = true                           {product lp64_product} {ergonomic}
     bool UseCompressedOops                        = true                           {product lp64_product} {ergonomic}
     bool UseG1GC                                  = true                                      {product} {ergonomic}
     bool UseLargePagesIndividualAllocation        = false                                  {pd product} {ergonomic}

Logging:
Log output configuration:
 #0: stdout all=warning uptime,level,tags
 #1: stderr all=off uptime,level,tags

Environment Variables:
PATH=C:\Program Files\Common Files\Oracle\Java\javapath;C:\WINDOWS\system32;C:\WINDOWS;C:\WINDOWS\System32\Wbem;C:\WINDOWS\System32\WindowsPowerShell\v1.0\;C:\WINDOWS\System32\OpenSSH\;C:\Program Files\Intel\WiFi\bin\;C:\Program Files\Common Files\Intel\WirelessCommon\;C:\Program Files\Git\cmd;C:\Program Files\nodejs\;C:\Program Files\Cloud Foundry;C:\Users\sachi\AppData\Local\Microsoft\WindowsApps;C:\Users\sachi\AppData\Roaming\npm;C:\Users\sachi\AppData\Local\Programs\Microsoft VS Code\bin
USERNAME=sachi
LANG=en_US.UTF-8
OS=Windows_NT
PROCESSOR_IDENTIFIER=Intel64 Family 6 Model 142 Stepping 12, GenuineIntel



---------------  S Y S T E M  ---------------

OS:
 Windows 11 , 64 bit Build 22621 (10.0.22621.3374)
OS uptime: 3 days 1:26 hours
Hyper-V role detected

CPU: total 8 (initial active 8) (4 cores per cpu, 2 threads per core) family 6 model 142 stepping 12 microcode 0xde, cx8, cmov, fxsr, ht, mmx, 3dnowpref, sse, sse2, sse3, ssse3, sse4.1, sse4.2, popcnt, lzcnt, tsc, tscinvbit, avx, avx2, aes, erms, clmul, bmi1, bmi2, adx, fma, vzeroupper, clflush, clflushopt, hv

Memory: 4k page, system-wide physical 8043M (500M free)
TotalPageFile size 10091M (AvailPageFile size 119M)
current process WorkingSet (physical memory assigned to process): 11M, peak: 11M
current process commit charge ("private bytes"): 60M, peak: 186M

vm_info: Java HotSpot(TM) 64-Bit Server VM (17.0.10+11-LTS-240) for windows-amd64 JRE (17.0.10+11-LTS-240), built on Dec 19 2023 21:47:25 by "mach5one" with MS VC++ 17.1 (VS2022)

END.
